<?xml version="1.0" encoding="UTF-8"?>
<testng-results skipped="0" failed="1" ignored="2" total="16" passed="13">
  <reporter-output>
  </reporter-output>
  <suite name="All Test Suite" duration-ms="274125" started-at="2023-01-23T10:46:34 CST" finished-at="2023-01-23T10:51:08 CST">
    <groups>
    </groups>
    <test name="AllFunctionalities" duration-ms="274125" started-at="2023-01-23T10:46:34 CST" finished-at="2023-01-23T10:51:08 CST">
      <class name="scripts.TechGlobalFrontendTestingHomeTest">
        <test-method status="PASS" signature="setup()[pri:0, instance:scripts.TechGlobalFrontendTestingHomeTest@271053e1]" name="setup" is-config="true" duration-ms="7654" started-at="2023-01-23T10:47:21 CST" finished-at="2023-01-23T10:47:28 CST">
          <reporter-output>
          </reporter-output>
        </test-method> <!-- setup -->
        <test-method status="PASS" signature="setPage()[pri:0, instance:scripts.TechGlobalFrontendTestingHomeTest@271053e1]" name="setPage" is-config="true" duration-ms="1" started-at="2023-01-23T10:47:28 CST" finished-at="2023-01-23T10:47:28 CST">
          <reporter-output>
          </reporter-output>
        </test-method> <!-- setPage -->
        <test-method status="PASS" signature="validateFrontendTestingURL()[pri:2, instance:scripts.TechGlobalFrontendTestingHomeTest@271053e1]" name="validateFrontendTestingURL" duration-ms="2214" started-at="2023-01-23T10:47:28 CST" description="Validate URL" finished-at="2023-01-23T10:47:31 CST">
          <reporter-output>
          </reporter-output>
        </test-method> <!-- validateFrontendTestingURL -->
        <test-method status="PASS" signature="teardown()[pri:0, instance:scripts.TechGlobalFrontendTestingHomeTest@271053e1]" name="teardown" is-config="true" duration-ms="80" started-at="2023-01-23T10:47:31 CST" finished-at="2023-01-23T10:47:31 CST">
          <reporter-output>
          </reporter-output>
        </test-method> <!-- teardown -->
      </class> <!-- scripts.TechGlobalFrontendTestingHomeTest -->
      <class name="scripts.TechGlobalDynamicElementsTest">
        <test-method status="PASS" signature="setup()[pri:0, instance:scripts.TechGlobalDynamicElementsTest@4f7d0008]" name="setup" is-config="true" duration-ms="7748" started-at="2023-01-23T10:47:10 CST" finished-at="2023-01-23T10:47:17 CST">
          <reporter-output>
          </reporter-output>
        </test-method> <!-- setup -->
        <test-method status="PASS" signature="setPage()[pri:0, instance:scripts.TechGlobalDynamicElementsTest@4f7d0008]" name="setPage" is-config="true" duration-ms="5" started-at="2023-01-23T10:47:17 CST" finished-at="2023-01-23T10:47:17 CST">
          <reporter-output>
          </reporter-output>
        </test-method> <!-- setPage -->
        <test-method status="PASS" signature="dynamicElementsTest()[pri:1, instance:scripts.TechGlobalDynamicElementsTest@4f7d0008]" name="dynamicElementsTest" duration-ms="3294" started-at="2023-01-23T10:47:17 CST" description="Testing Dynamic Web Elements" finished-at="2023-01-23T10:47:21 CST">
          <reporter-output>
          </reporter-output>
        </test-method> <!-- dynamicElementsTest -->
        <test-method status="PASS" signature="teardown()[pri:0, instance:scripts.TechGlobalDynamicElementsTest@4f7d0008]" name="teardown" is-config="true" duration-ms="82" started-at="2023-01-23T10:47:21 CST" finished-at="2023-01-23T10:47:21 CST">
          <reporter-output>
          </reporter-output>
        </test-method> <!-- teardown -->
      </class> <!-- scripts.TechGlobalDynamicElementsTest -->
      <class name="scripts.TechGlobalRadioButtonsPageTest">
        <test-method status="PASS" signature="setup()[pri:0, instance:scripts.TechGlobalRadioButtonsPageTest@42dafa95]" name="setup" is-config="true" duration-ms="10403" started-at="2023-01-23T10:47:40 CST" finished-at="2023-01-23T10:47:50 CST">
          <reporter-output>
          </reporter-output>
        </test-method> <!-- setup -->
        <test-method status="PASS" signature="setPage()[pri:0, instance:scripts.TechGlobalRadioButtonsPageTest@42dafa95]" name="setPage" is-config="true" duration-ms="12" started-at="2023-01-23T10:47:50 CST" finished-at="2023-01-23T10:47:50 CST">
          <reporter-output>
          </reporter-output>
        </test-method> <!-- setPage -->
        <test-method status="FAIL" signature="languageRadioButtons()[pri:1, instance:scripts.TechGlobalRadioButtonsPageTest@42dafa95]" name="languageRadioButtons" duration-ms="30933" started-at="2023-01-23T10:47:50 CST" description="Validating TechGlobal Language Radio Buttons" finished-at="2023-01-23T10:48:21 CST">
          <exception class="org.openqa.selenium.ElementNotInteractableException">
            <message>
              <![CDATA[element not interactable
  (Session info: chrome=109.0.5414.87)
Build info: version: '3.141.59', revision: 'e82be7d358', time: '2018-11-14T08:17:03'
System info: host: 'Olenas-MacBook-Pro.local', ip: 'fd4f:cf16:af51:5650:1820:62a7:2009:4135%en0', os.name: 'Mac OS X', os.arch: 'x86_64', os.version: '12.6.2', java.version: '1.8.0_341'
Driver info: org.openqa.selenium.chrome.ChromeDriver
Capabilities {acceptInsecureCerts: false, browserName: chrome, browserVersion: 109.0.5414.87, chrome: {chromedriverVersion: 109.0.5414.74 (e7c5703604da..., userDataDir: /var/folders/dx/hfwl_l65371...}, goog:chromeOptions: {debuggerAddress: localhost:51314}, javascriptEnabled: true, networkConnectionEnabled: false, pageLoadStrategy: normal, platform: MAC, platformName: MAC, proxy: Proxy(), setWindowRect: true, strictFileInteractability: false, timeouts: {implicit: 0, pageLoad: 300000, script: 30000}, unhandledPromptBehavior: dismiss and notify, webauthn:extension:credBlob: true, webauthn:extension:largeBlob: true, webauthn:virtualAuthenticators: true}
Session ID: 4b2278286aa201f41ce6d79b8c5e8090]]>
            </message>
            <full-stacktrace>
              <![CDATA[org.openqa.selenium.ElementNotInteractableException: element not interactable
  (Session info: chrome=109.0.5414.87)
Build info: version: '3.141.59', revision: 'e82be7d358', time: '2018-11-14T08:17:03'
System info: host: 'Olenas-MacBook-Pro.local', ip: 'fd4f:cf16:af51:5650:1820:62a7:2009:4135%en0', os.name: 'Mac OS X', os.arch: 'x86_64', os.version: '12.6.2', java.version: '1.8.0_341'
Driver info: org.openqa.selenium.chrome.ChromeDriver
Capabilities {acceptInsecureCerts: false, browserName: chrome, browserVersion: 109.0.5414.87, chrome: {chromedriverVersion: 109.0.5414.74 (e7c5703604da..., userDataDir: /var/folders/dx/hfwl_l65371...}, goog:chromeOptions: {debuggerAddress: localhost:51314}, javascriptEnabled: true, networkConnectionEnabled: false, pageLoadStrategy: normal, platform: MAC, platformName: MAC, proxy: Proxy(), setWindowRect: true, strictFileInteractability: false, timeouts: {implicit: 0, pageLoad: 300000, script: 30000}, unhandledPromptBehavior: dismiss and notify, webauthn:extension:credBlob: true, webauthn:extension:largeBlob: true, webauthn:virtualAuthenticators: true}
Session ID: 4b2278286aa201f41ce6d79b8c5e8090
at sun.reflect.NativeConstructorAccessorImpl.newInstance0(Native Method)
at sun.reflect.NativeConstructorAccessorImpl.newInstance(NativeConstructorAccessorImpl.java:62)
at sun.reflect.DelegatingConstructorAccessorImpl.newInstance(DelegatingConstructorAccessorImpl.java:45)
at java.lang.reflect.Constructor.newInstance(Constructor.java:423)
at org.openqa.selenium.remote.http.W3CHttpResponseCodec.createException(W3CHttpResponseCodec.java:187)
at org.openqa.selenium.remote.http.W3CHttpResponseCodec.decode(W3CHttpResponseCodec.java:122)
at org.openqa.selenium.remote.http.W3CHttpResponseCodec.decode(W3CHttpResponseCodec.java:49)
at org.openqa.selenium.remote.HttpCommandExecutor.execute(HttpCommandExecutor.java:158)
at org.openqa.selenium.remote.service.DriverCommandExecutor.execute(DriverCommandExecutor.java:83)
at org.openqa.selenium.remote.RemoteWebDriver.execute(RemoteWebDriver.java:552)
at org.openqa.selenium.remote.RemoteWebElement.execute(RemoteWebElement.java:285)
at org.openqa.selenium.remote.RemoteWebElement.click(RemoteWebElement.java:84)
at pages.TechGlobalFrontendTestingHomePage.getFrontedTestingPage(TechGlobalFrontendTestingHomePage.java:22)
at scripts.TechGlobalRadioButtonsPageTest.languageRadioButtons(TechGlobalRadioButtonsPageTest.java:27)
at sun.reflect.NativeMethodAccessorImpl.invoke0(Native Method)
at sun.reflect.NativeMethodAccessorImpl.invoke(NativeMethodAccessorImpl.java:62)
at sun.reflect.DelegatingMethodAccessorImpl.invoke(DelegatingMethodAccessorImpl.java:43)
at java.lang.reflect.Method.invoke(Method.java:498)
at org.testng.internal.MethodInvocationHelper.invokeMethod(MethodInvocationHelper.java:134)
at org.testng.internal.TestInvoker.invokeMethod(TestInvoker.java:597)
at org.testng.internal.TestInvoker.invokeTestMethod(TestInvoker.java:173)
at org.testng.internal.MethodRunner.runInSequence(MethodRunner.java:46)
at org.testng.internal.TestInvoker$MethodInvocationAgent.invoke(TestInvoker.java:816)
at org.testng.internal.TestInvoker.invokeTestMethods(TestInvoker.java:146)
at org.testng.internal.TestMethodWorker.invokeTestMethods(TestMethodWorker.java:146)
at org.testng.internal.TestMethodWorker.run(TestMethodWorker.java:128)
at java.util.ArrayList.forEach(ArrayList.java:1259)
at org.testng.TestRunner.privateRun(TestRunner.java:766)
at org.testng.TestRunner.run(TestRunner.java:587)
at org.testng.SuiteRunner.runTest(SuiteRunner.java:384)
at org.testng.SuiteRunner.runSequentially(SuiteRunner.java:378)
at org.testng.SuiteRunner.privateRun(SuiteRunner.java:337)
at org.testng.SuiteRunner.run(SuiteRunner.java:286)
at org.testng.SuiteRunnerWorker.runSuite(SuiteRunnerWorker.java:53)
at org.testng.SuiteRunnerWorker.run(SuiteRunnerWorker.java:96)
at org.testng.TestNG.runSuitesSequentially(TestNG.java:1187)
at org.testng.TestNG.runSuitesLocally(TestNG.java:1109)
at org.testng.TestNG.runSuites(TestNG.java:1039)
at org.testng.TestNG.run(TestNG.java:1007)
at org.apache.maven.surefire.testng.TestNGExecutor.run(TestNGExecutor.java:281)
at org.apache.maven.surefire.testng.TestNGXmlTestSuite.execute(TestNGXmlTestSuite.java:75)
at org.apache.maven.surefire.testng.TestNGProvider.invoke(TestNGProvider.java:121)
at org.apache.maven.surefire.booter.ForkedBooter.invokeProviderInSameClassLoader(ForkedBooter.java:290)
at org.apache.maven.surefire.booter.ForkedBooter.runSuitesInProcess(ForkedBooter.java:242)
at org.apache.maven.surefire.booter.ForkedBooter.main(ForkedBooter.java:121)
]]>
            </full-stacktrace>
          </exception> <!-- org.openqa.selenium.ElementNotInteractableException -->
          <reporter-output>
          </reporter-output>
        </test-method> <!-- languageRadioButtons -->
        <test-method status="PASS" signature="teardown()[pri:0, instance:scripts.TechGlobalRadioButtonsPageTest@42dafa95]" name="teardown" is-config="true" duration-ms="105" started-at="2023-01-23T10:48:21 CST" finished-at="2023-01-23T10:48:21 CST">
          <reporter-output>
          </reporter-output>
        </test-method> <!-- teardown -->
        <test-method status="PASS" signature="setup()[pri:0, instance:scripts.TechGlobalRadioButtonsPageTest@42dafa95]" name="setup" is-config="true" duration-ms="7848" started-at="2023-01-23T10:48:21 CST" finished-at="2023-01-23T10:48:29 CST">
          <reporter-output>
          </reporter-output>
        </test-method> <!-- setup -->
        <test-method status="PASS" signature="setPage()[pri:0, instance:scripts.TechGlobalRadioButtonsPageTest@42dafa95]" name="setPage" is-config="true" duration-ms="4" started-at="2023-01-23T10:48:29 CST" finished-at="2023-01-23T10:48:29 CST">
          <reporter-output>
          </reporter-output>
        </test-method> <!-- setPage -->
        <test-method status="PASS" signature="languageRadioButtons2()[pri:2, instance:scripts.TechGlobalRadioButtonsPageTest@42dafa95]" name="languageRadioButtons2" duration-ms="4156" started-at="2023-01-23T10:48:29 CST" description="Validating TechGlobal Language Radio Buttons2" finished-at="2023-01-23T10:48:33 CST">
          <reporter-output>
          </reporter-output>
        </test-method> <!-- languageRadioButtons2 -->
        <test-method status="PASS" signature="teardown()[pri:0, instance:scripts.TechGlobalRadioButtonsPageTest@42dafa95]" name="teardown" is-config="true" duration-ms="81" started-at="2023-01-23T10:48:33 CST" finished-at="2023-01-23T10:48:33 CST">
          <reporter-output>
          </reporter-output>
        </test-method> <!-- teardown -->
      </class> <!-- scripts.TechGlobalRadioButtonsPageTest -->
      <class name="scripts.TechGlobalMultipleWindowsTest">
        <test-method status="PASS" signature="setup()[pri:0, instance:scripts.TechGlobalMultipleWindowsTest@59ec2012]" name="setup" is-config="true" duration-ms="7649" started-at="2023-01-23T10:50:15 CST" finished-at="2023-01-23T10:50:23 CST">
          <reporter-output>
          </reporter-output>
        </test-method> <!-- setup -->
        <test-method status="PASS" signature="setPage()[pri:0, instance:scripts.TechGlobalMultipleWindowsTest@59ec2012]" name="setPage" is-config="true" duration-ms="2908" started-at="2023-01-23T10:50:23 CST" finished-at="2023-01-23T10:50:26 CST">
          <reporter-output>
          </reporter-output>
        </test-method> <!-- setPage -->
        <test-method status="PASS" signature="validateTheAppleLink()[pri:1, instance:scripts.TechGlobalMultipleWindowsTest@59ec2012]" name="validateTheAppleLink" duration-ms="6978" started-at="2023-01-23T10:50:26 CST" description="Validate the Apple link" finished-at="2023-01-23T10:50:33 CST">
          <reporter-output>
          </reporter-output>
        </test-method> <!-- validateTheAppleLink -->
        <test-method status="PASS" signature="teardown()[pri:0, instance:scripts.TechGlobalMultipleWindowsTest@59ec2012]" name="teardown" is-config="true" duration-ms="98" started-at="2023-01-23T10:50:33 CST" finished-at="2023-01-23T10:50:33 CST">
          <reporter-output>
          </reporter-output>
        </test-method> <!-- teardown -->
        <test-method status="PASS" signature="setup()[pri:0, instance:scripts.TechGlobalMultipleWindowsTest@59ec2012]" name="setup" is-config="true" duration-ms="10657" started-at="2023-01-23T10:50:33 CST" finished-at="2023-01-23T10:50:44 CST">
          <reporter-output>
          </reporter-output>
        </test-method> <!-- setup -->
        <test-method status="PASS" signature="setPage()[pri:0, instance:scripts.TechGlobalMultipleWindowsTest@59ec2012]" name="setPage" is-config="true" duration-ms="3074" started-at="2023-01-23T10:50:44 CST" finished-at="2023-01-23T10:50:47 CST">
          <reporter-output>
          </reporter-output>
        </test-method> <!-- setPage -->
        <test-method status="PASS" signature="validateLinkURLs()[pri:2, instance:scripts.TechGlobalMultipleWindowsTest@59ec2012]" name="validateLinkURLs" duration-ms="21025" started-at="2023-01-23T10:50:47 CST" description="Validate link urls" finished-at="2023-01-23T10:51:08 CST">
          <reporter-output>
          </reporter-output>
        </test-method> <!-- validateLinkURLs -->
        <test-method status="PASS" signature="teardown()[pri:0, instance:scripts.TechGlobalMultipleWindowsTest@59ec2012]" name="teardown" is-config="true" duration-ms="104" started-at="2023-01-23T10:51:08 CST" finished-at="2023-01-23T10:51:08 CST">
          <reporter-output>
          </reporter-output>
        </test-method> <!-- teardown -->
      </class> <!-- scripts.TechGlobalMultipleWindowsTest -->
      <class name="scripts.TechGlobalCheckBoxPageTest">
        <test-method status="PASS" signature="setup()[pri:0, instance:scripts.TechGlobalCheckBoxPageTest@553f17c]" name="setup" is-config="true" duration-ms="11614" started-at="2023-01-23T10:46:34 CST" finished-at="2023-01-23T10:46:45 CST">
          <reporter-output>
          </reporter-output>
        </test-method> <!-- setup -->
        <test-method status="PASS" signature="setPage()[pri:0, instance:scripts.TechGlobalCheckBoxPageTest@553f17c]" name="setPage" is-config="true" duration-ms="7" started-at="2023-01-23T10:46:45 CST" finished-at="2023-01-23T10:46:45 CST">
          <reporter-output>
          </reporter-output>
        </test-method> <!-- setPage -->
        <test-method status="PASS" signature="validateCheckboxes()[pri:1, instance:scripts.TechGlobalCheckBoxPageTest@553f17c]" name="validateCheckboxes" duration-ms="8346" started-at="2023-01-23T10:46:45 CST" description="Validate checkboxes" finished-at="2023-01-23T10:46:54 CST">
          <reporter-output>
          </reporter-output>
        </test-method> <!-- validateCheckboxes -->
        <test-method status="PASS" signature="teardown()[pri:0, instance:scripts.TechGlobalCheckBoxPageTest@553f17c]" name="teardown" is-config="true" duration-ms="84" started-at="2023-01-23T10:46:54 CST" finished-at="2023-01-23T10:46:54 CST">
          <reporter-output>
          </reporter-output>
        </test-method> <!-- teardown -->
        <test-method status="PASS" signature="setup()[pri:0, instance:scripts.TechGlobalCheckBoxPageTest@553f17c]" name="setup" is-config="true" duration-ms="7753" started-at="2023-01-23T10:46:54 CST" finished-at="2023-01-23T10:47:02 CST">
          <reporter-output>
          </reporter-output>
        </test-method> <!-- setup -->
        <test-method status="PASS" signature="setPage()[pri:0, instance:scripts.TechGlobalCheckBoxPageTest@553f17c]" name="setPage" is-config="true" duration-ms="1" started-at="2023-01-23T10:47:02 CST" finished-at="2023-01-23T10:47:02 CST">
          <reporter-output>
          </reporter-output>
        </test-method> <!-- setPage -->
        <test-method status="PASS" signature="validatePractice()[pri:2, instance:scripts.TechGlobalCheckBoxPageTest@553f17c]" name="validatePractice" duration-ms="7912" started-at="2023-01-23T10:47:02 CST" description="Validate practice" finished-at="2023-01-23T10:47:09 CST">
          <reporter-output>
          </reporter-output>
        </test-method> <!-- validatePractice -->
        <test-method status="PASS" signature="teardown()[pri:0, instance:scripts.TechGlobalCheckBoxPageTest@553f17c]" name="teardown" is-config="true" duration-ms="87" started-at="2023-01-23T10:47:09 CST" finished-at="2023-01-23T10:47:10 CST">
          <reporter-output>
          </reporter-output>
        </test-method> <!-- teardown -->
      </class> <!-- scripts.TechGlobalCheckBoxPageTest -->
      <class name="scripts.TechGlobalHeaderTest">
        <test-method status="PASS" signature="setup()[pri:0, instance:scripts.TechGlobalHeaderTest@589838eb]" name="setup" is-config="true" duration-ms="7581" started-at="2023-01-23T10:47:31 CST" finished-at="2023-01-23T10:47:38 CST">
          <reporter-output>
          </reporter-output>
        </test-method> <!-- setup -->
        <test-method status="PASS" signature="validateTechGlobalHeaderDropdownOptions()[pri:2, instance:scripts.TechGlobalHeaderTest@589838eb]" name="validateTechGlobalHeaderDropdownOptions" duration-ms="1600" started-at="2023-01-23T10:47:38 CST" finished-at="2023-01-23T10:47:40 CST">
          <reporter-output>
          </reporter-output>
        </test-method> <!-- validateTechGlobalHeaderDropdownOptions -->
        <test-method status="PASS" signature="teardown()[pri:0, instance:scripts.TechGlobalHeaderTest@589838eb]" name="teardown" is-config="true" duration-ms="80" started-at="2023-01-23T10:47:40 CST" finished-at="2023-01-23T10:47:40 CST">
          <reporter-output>
          </reporter-output>
        </test-method> <!-- teardown -->
      </class> <!-- scripts.TechGlobalHeaderTest -->
      <class name="scripts.TechGlobalDropdownsTest">
        <test-method status="PASS" signature="setup()[pri:0, instance:scripts.TechGlobalDropdownsTest@402a079c]" name="setup" is-config="true" duration-ms="10140" started-at="2023-01-23T10:49:20 CST" finished-at="2023-01-23T10:49:30 CST">
          <reporter-output>
          </reporter-output>
        </test-method> <!-- setup -->
        <test-method status="PASS" signature="setPage()[pri:0, instance:scripts.TechGlobalDropdownsTest@402a079c]" name="setPage" is-config="true" duration-ms="3122" started-at="2023-01-23T10:49:30 CST" finished-at="2023-01-23T10:49:33 CST">
          <reporter-output>
          </reporter-output>
        </test-method> <!-- setPage -->
        <test-method status="PASS" signature="selectDeliveryOption()[pri:1, instance:scripts.TechGlobalDropdownsTest@402a079c]" name="selectDeliveryOption" duration-ms="1578" started-at="2023-01-23T10:49:33 CST" description="Select Delivery Option" finished-at="2023-01-23T10:49:35 CST">
          <reporter-output>
          </reporter-output>
        </test-method> <!-- selectDeliveryOption -->
        <test-method status="PASS" signature="teardown()[pri:0, instance:scripts.TechGlobalDropdownsTest@402a079c]" name="teardown" is-config="true" duration-ms="80" started-at="2023-01-23T10:49:35 CST" finished-at="2023-01-23T10:49:35 CST">
          <reporter-output>
          </reporter-output>
        </test-method> <!-- teardown -->
        <test-method status="PASS" signature="setup()[pri:0, instance:scripts.TechGlobalDropdownsTest@402a079c]" name="setup" is-config="true" duration-ms="7629" started-at="2023-01-23T10:49:35 CST" finished-at="2023-01-23T10:49:42 CST">
          <reporter-output>
          </reporter-output>
        </test-method> <!-- setup -->
        <test-method status="PASS" signature="setPage()[pri:0, instance:scripts.TechGlobalDropdownsTest@402a079c]" name="setPage" is-config="true" duration-ms="3397" started-at="2023-01-23T10:49:42 CST" finished-at="2023-01-23T10:49:46 CST">
          <reporter-output>
          </reporter-output>
        </test-method> <!-- setPage -->
        <test-method status="PASS" signature="selectProductOption()[pri:2, instance:scripts.TechGlobalDropdownsTest@402a079c]" name="selectProductOption" duration-ms="197" started-at="2023-01-23T10:49:46 CST" description=" Select iPhone 14 PRO Max option" finished-at="2023-01-23T10:49:46 CST">
          <reporter-output>
          </reporter-output>
        </test-method> <!-- selectProductOption -->
        <test-method status="PASS" signature="teardown()[pri:0, instance:scripts.TechGlobalDropdownsTest@402a079c]" name="teardown" is-config="true" duration-ms="80" started-at="2023-01-23T10:49:46 CST" finished-at="2023-01-23T10:49:46 CST">
          <reporter-output>
          </reporter-output>
        </test-method> <!-- teardown -->
        <test-method status="PASS" signature="setup()[pri:0, instance:scripts.TechGlobalDropdownsTest@402a079c]" name="setup" is-config="true" duration-ms="7827" started-at="2023-01-23T10:49:46 CST" finished-at="2023-01-23T10:49:54 CST">
          <reporter-output>
          </reporter-output>
        </test-method> <!-- setup -->
        <test-method status="PASS" signature="setPage()[pri:0, instance:scripts.TechGlobalDropdownsTest@402a079c]" name="setPage" is-config="true" duration-ms="2984" started-at="2023-01-23T10:49:54 CST" finished-at="2023-01-23T10:49:57 CST">
          <reporter-output>
          </reporter-output>
        </test-method> <!-- setPage -->
        <test-method status="PASS" signature="selectColorOption()[pri:3, instance:scripts.TechGlobalDropdownsTest@402a079c]" name="selectColorOption" duration-ms="5142" started-at="2023-01-23T10:49:57 CST" description="Select Yellow options" finished-at="2023-01-23T10:50:02 CST">
          <reporter-output>
          </reporter-output>
        </test-method> <!-- selectColorOption -->
        <test-method status="PASS" signature="teardown()[pri:0, instance:scripts.TechGlobalDropdownsTest@402a079c]" name="teardown" is-config="true" duration-ms="94" started-at="2023-01-23T10:50:02 CST" finished-at="2023-01-23T10:50:02 CST">
          <reporter-output>
          </reporter-output>
        </test-method> <!-- teardown -->
        <test-method status="PASS" signature="setup()[pri:0, instance:scripts.TechGlobalDropdownsTest@402a079c]" name="setup" is-config="true" duration-ms="7712" started-at="2023-01-23T10:50:02 CST" finished-at="2023-01-23T10:50:10 CST">
          <reporter-output>
          </reporter-output>
        </test-method> <!-- setup -->
        <test-method status="PASS" signature="setPage()[pri:0, instance:scripts.TechGlobalDropdownsTest@402a079c]" name="setPage" is-config="true" duration-ms="3242" started-at="2023-01-23T10:50:10 CST" finished-at="2023-01-23T10:50:13 CST">
          <reporter-output>
          </reporter-output>
        </test-method> <!-- setPage -->
        <test-method status="PASS" signature="validateTheItemSelected()[pri:4, instance:scripts.TechGlobalDropdownsTest@402a079c]" name="validateTheItemSelected" duration-ms="2042" started-at="2023-01-23T10:50:13 CST" description="validate the selected item message" finished-at="2023-01-23T10:50:15 CST">
          <reporter-output>
          </reporter-output>
        </test-method> <!-- validateTheItemSelected -->
        <test-method status="PASS" signature="teardown()[pri:0, instance:scripts.TechGlobalDropdownsTest@402a079c]" name="teardown" is-config="true" duration-ms="82" started-at="2023-01-23T10:50:15 CST" finished-at="2023-01-23T10:50:15 CST">
          <reporter-output>
          </reporter-output>
        </test-method> <!-- teardown -->
      </class> <!-- scripts.TechGlobalDropdownsTest -->
      <class name="scripts.TechGlobalWaitsPageTest">
        <test-method status="PASS" signature="setup()[pri:0, instance:scripts.TechGlobalWaitsPageTest@6500df86]" name="setup" is-config="true" duration-ms="7465" started-at="2023-01-23T10:48:33 CST" finished-at="2023-01-23T10:48:41 CST">
          <reporter-output>
          </reporter-output>
        </test-method> <!-- setup -->
        <test-method status="PASS" signature="setPage()[pri:0, instance:scripts.TechGlobalWaitsPageTest@6500df86]" name="setPage" is-config="true" duration-ms="14" started-at="2023-01-23T10:48:41 CST" finished-at="2023-01-23T10:48:41 CST">
          <reporter-output>
          </reporter-output>
        </test-method> <!-- setPage -->
        <test-method status="PASS" signature="validateRedBox()[pri:1, instance:scripts.TechGlobalWaitsPageTest@6500df86]" name="validateRedBox" duration-ms="38883" started-at="2023-01-23T10:48:41 CST" description="Validate red box is visible" finished-at="2023-01-23T10:49:20 CST">
          <reporter-output>
          </reporter-output>
        </test-method> <!-- validateRedBox -->
        <test-method status="PASS" signature="teardown()[pri:0, instance:scripts.TechGlobalWaitsPageTest@6500df86]" name="teardown" is-config="true" duration-ms="85" started-at="2023-01-23T10:49:20 CST" finished-at="2023-01-23T10:49:20 CST">
          <reporter-output>
          </reporter-output>
        </test-method> <!-- teardown -->
      </class> <!-- scripts.TechGlobalWaitsPageTest -->
    </test> <!-- AllFunctionalities -->
  </suite> <!-- All Test Suite -->
</testng-results>
