<?xml version="1.0" encoding="UTF-8"?>
<testsuite xmlns:xsi="http://www.w3.org/2001/XMLSchema-instance" xsi:schemaLocation="https://maven.apache.org/surefire/maven-surefire-plugin/xsd/surefire-test-report.xsd" name="TestSuite" time="274.781" tests="14" errors="0" skipped="0" failures="1">
  <properties>
[...]
</properties>
  <testcase name="validateCheckboxes" classname="scripts.TechGlobalCheckBoxPageTest" time="8.369"/>
  <testcase name="validatePractice" classname="scripts.TechGlobalCheckBoxPageTest" time="7.917"/>
  <testcase name="dynamicElementsTest" classname="scripts.TechGlobalDynamicElementsTest" time="3.297"/>
  <testcase name="validateFrontendTestingURL" classname="scripts.TechGlobalFrontendTestingHomeTest" time="2.214"/>
  <testcase name="validateTechGlobalHeaderDropdownOptions" classname="scripts.TechGlobalHeaderTest" time="1.601"/>
  <testcase name="languageRadioButtons" classname="scripts.TechGlobalRadioButtonsPageTest" time="30.952">
    <failure message="element not interactable&#10;  (Session info: chrome=109.0.5414.87)&#10;Build info: version: &apos;3.141.59&apos;, revision: &apos;e82be7d358&apos;, time: &apos;2018-11-14T08:17:03&apos;&#10;System info: host: &apos;Olenas-MacBook-Pro.local&apos;, ip: &apos;fd4f:cf16:af51:5650:1820:62a7:2009:4135%en0&apos;, os.name: &apos;Mac OS X&apos;, os.arch: &apos;x86_64&apos;, os.version: &apos;12.6.2&apos;, java.version: &apos;1.8.0_341&apos;&#10;Driver info: org.openqa.selenium.chrome.ChromeDriver&#10;Capabilities {acceptInsecureCerts: false, browserName: chrome, browserVersion: 109.0.5414.87, chrome: {chromedriverVersion: 109.0.5414.74 (e7c5703604da..., userDataDir: /var/folders/dx/hfwl_l65371...}, goog:chromeOptions: {debuggerAddress: localhost:51314}, javascriptEnabled: true, networkConnectionEnabled: false, pageLoadStrategy: normal, platform: MAC, platformName: MAC, proxy: Proxy(), setWindowRect: true, strictFileInteractability: false, timeouts: {implicit: 0, pageLoad: 300000, script: 30000}, unhandledPromptBehavior: dismiss and notify, webauthn:extension:credBlob: true, webauthn:extension:largeBlob: true, webauthn:virtualAuthenticators: true}&#10;Session ID: 4b2278286aa201f41ce6d79b8c5e8090" type="org.openqa.selenium.ElementNotInteractableException">org.openqa.selenium.ElementNotInteractableException: 
element not interactable
  (Session info: chrome=109.0.5414.87)
Build info: version: '3.141.59', revision: 'e82be7d358', time: '2018-11-14T08:17:03'
System info: host: 'Olenas-MacBook-Pro.local', ip: 'fd4f:cf16:af51:5650:1820:62a7:2009:4135%en0', os.name: 'Mac OS X', os.arch: 'x86_64', os.version: '12.6.2', java.version: '1.8.0_341'
Driver info: org.openqa.selenium.chrome.ChromeDriver
Capabilities {acceptInsecureCerts: false, browserName: chrome, browserVersion: 109.0.5414.87, chrome: {chromedriverVersion: 109.0.5414.74 (e7c5703604da..., userDataDir: /var/folders/dx/hfwl_l65371...}, goog:chromeOptions: {debuggerAddress: localhost:51314}, javascriptEnabled: true, networkConnectionEnabled: false, pageLoadStrategy: normal, platform: MAC, platformName: MAC, proxy: Proxy(), setWindowRect: true, strictFileInteractability: false, timeouts: {implicit: 0, pageLoad: 300000, script: 30000}, unhandledPromptBehavior: dismiss and notify, webauthn:extension:credBlob: true, webauthn:extension:largeBlob: true, webauthn:virtualAuthenticators: true}
Session ID: 4b2278286aa201f41ce6d79b8c5e8090
	at scripts.TechGlobalRadioButtonsPageTest.languageRadioButtons(TechGlobalRadioButtonsPageTest.java:27)
</failure>
    <system-err><![CDATA[Starting ChromeDriver 109.0.5414.74 (e7c5703604daa9cc128ccf5a5d3e993513758913-refs/branch-heads/5414@{#1172}) on port 25146
Only local connections are allowed.
Please see https://chromedriver.chromium.org/security-considerations for suggestions on keeping ChromeDriver safe.
ChromeDriver was started successfully.
Jan 23, 2023 10:47:46 AM org.openqa.selenium.remote.ProtocolHandshake createSession
INFO: Detected dialect: W3C
]]></system-err>
  </testcase>
  <testcase name="languageRadioButtons2" classname="scripts.TechGlobalRadioButtonsPageTest" time="4.156"/>
  <testcase name="validateRedBox" classname="scripts.TechGlobalWaitsPageTest" time="38.883"/>
  <testcase name="selectDeliveryOption" classname="scripts.TechGlobalDropdownsTest" time="1.58"/>
  <testcase name="selectProductOption" classname="scripts.TechGlobalDropdownsTest" time="0.196"/>
  <testcase name="selectColorOption" classname="scripts.TechGlobalDropdownsTest" time="5.15"/>
  <testcase name="validateTheItemSelected" classname="scripts.TechGlobalDropdownsTest" time="2.043"/>
  <testcase name="validateTheAppleLink" classname="scripts.TechGlobalMultipleWindowsTest" time="6.977"/>
  <testcase name="validateLinkURLs" classname="scripts.TechGlobalMultipleWindowsTest" time="21.025"/>
</testsuite>